info it worked if it ends with ok
verbose cli [ 'node', '/home/ghilly/.nvm/v0.6.9/bin/npm', 'publish' ]
info using npm@1.1.0-3
info using node@v0.6.9
verbose config file /home/ghilly/.npmrc
verbose config file /home/ghilly/.nvm/v0.6.9/etc/npmrc
verbose config file /home/ghilly/.nvm/v0.6.9/lib/node_modules/npm/npmrc
verbose publish [ '.' ]
verbose caching /home/ghilly/Documents/node/node-parse-api/package.json
verbose loadDefaults node-parse-api@0.1.0
info prepublish node-parse-api@0.1.0
verbose cache add [ '.', null ]
silly cache add: name, spec, args [ undefined, '.', [ '.', null ] ]
verbose parsed url { pathname: '.', path: '.', href: '.' }
verbose caching package.json
verbose loadDefaults node-parse-api@0.1.0
verbose pack /home/ghilly/Documents/node/node-parse-api
verbose pack /home/ghilly/Documents/node/node-parse-api /tmp/npm-1341024639569/1341024639568-0.9406838221475482/tmp.tgz
silly makeList /home/ghilly/Documents/node/node-parse-api
silly dir, dirLen [ '/home/ghilly/Documents/node/node-parse-api', 43 ]
verbose tarball /tmp/npm-1341024639569/1341024639568-0.9406838221475482/tmp.tgz
verbose parent /home/ghilly/Documents/node/node-parse-api
verbose mkdir (expected) error ENOENT, no such file or directory '/tmp/npm-1341024639569/1341024639568-0.9406838221475482/___package.npm'
verbose mkdir done: /tmp/npm-1341024639569/1341024639568-0.9406838221475482/___package.npm 755
verbose unpack_ uid, gid [ undefined, undefined ]
verbose unpackTarget /tmp/npm-1341024639569/1341024639568-0.9406838221475482/package
silly gunzTarPerm modes [ '755', '644' ]
silly afterUntar undefined
silly asyncMap in gTP /tmp/npm-1341024639569/1341024639568-0.9406838221475482/___package.npm/node-parse-api
silly asyncMap in gTP /tmp/npm-1341024639569/1341024639568-0.9406838221475482/___package.npm/node-parse-api/package.json
silly asyncMap in gTP /tmp/npm-1341024639569/1341024639568-0.9406838221475482/___package.npm/node-parse-api/makefile
silly asyncMap in gTP /tmp/npm-1341024639569/1341024639568-0.9406838221475482/___package.npm/node-parse-api/readme.md
silly asyncMap in gTP /tmp/npm-1341024639569/1341024639568-0.9406838221475482/___package.npm/node-parse-api/index.js
silly asyncMap in gTP /tmp/npm-1341024639569/1341024639568-0.9406838221475482/___package.npm/node-parse-api/test
silly asyncMap in gTP /tmp/npm-1341024639569/1341024639568-0.9406838221475482/___package.npm/node-parse-api/test/Parse.test.js
silly asyncMap in gTP /tmp/npm-1341024639569/1341024639568-0.9406838221475482/___package.npm/node-parse-api/lib
silly asyncMap in gTP /tmp/npm-1341024639569/1341024639568-0.9406838221475482/___package.npm/node-parse-api/lib/Parse.js
verbose gunzed /tmp/npm-1341024639569/1341024639568-0.9406838221475482/___package.npm/node-parse-api
verbose rm'ed /tmp/npm-1341024639569/1341024639568-0.9406838221475482/package
verbose renamed [ '/tmp/npm-1341024639569/1341024639568-0.9406838221475482/___package.npm/node-parse-api',
verbose renamed   '/tmp/npm-1341024639569/1341024639568-0.9406838221475482/package' ]
verbose caching /tmp/npm-1341024639569/1341024639568-0.9406838221475482/package/package.json
verbose loadDefaults node-parse-api@0.1.0
verbose tarball contents [ 'tmp.tgz', 'package' ]
verbose from cache /tmp/npm-1341024639569/1341024639568-0.9406838221475482/package/package.json
verbose pack /tmp/npm-1341024639569/1341024639568-0.9406838221475482/package
verbose pack /tmp/npm-1341024639569/1341024639568-0.9406838221475482/package /home/ghilly/.npm/node-parse-api/0.1.0/package.tgz
silly makeList /tmp/npm-1341024639569/1341024639568-0.9406838221475482/package
silly dir, dirLen [ '/tmp/npm-1341024639569/1341024639568-0.9406838221475482/package',
silly dir, dirLen   64 ]
verbose tarball /home/ghilly/.npm/node-parse-api/0.1.0/package.tgz
verbose parent /tmp/npm-1341024639569/1341024639568-0.9406838221475482/package
verbose mkdir (expected) error ENOENT, no such file or directory '/home/ghilly/.npm/node-parse-api/0.1.0/___package.npm'
verbose mkdir done: /home/ghilly/.npm/node-parse-api/0.1.0/___package.npm 755
verbose unpack_ uid, gid [ undefined, undefined ]
verbose unpackTarget /home/ghilly/.npm/node-parse-api/0.1.0/package
silly gunzTarPerm modes [ '755', '644' ]
silly afterUntar undefined
silly asyncMap in gTP /home/ghilly/.npm/node-parse-api/0.1.0/___package.npm/package
silly asyncMap in gTP /home/ghilly/.npm/node-parse-api/0.1.0/___package.npm/package/package.json
silly asyncMap in gTP /home/ghilly/.npm/node-parse-api/0.1.0/___package.npm/package/makefile
silly asyncMap in gTP /home/ghilly/.npm/node-parse-api/0.1.0/___package.npm/package/readme.md
silly asyncMap in gTP /home/ghilly/.npm/node-parse-api/0.1.0/___package.npm/package/index.js
silly asyncMap in gTP /home/ghilly/.npm/node-parse-api/0.1.0/___package.npm/package/test
silly asyncMap in gTP /home/ghilly/.npm/node-parse-api/0.1.0/___package.npm/package/test/Parse.test.js
silly asyncMap in gTP /home/ghilly/.npm/node-parse-api/0.1.0/___package.npm/package/lib
silly asyncMap in gTP /home/ghilly/.npm/node-parse-api/0.1.0/___package.npm/package/lib/Parse.js
verbose gunzed /home/ghilly/.npm/node-parse-api/0.1.0/___package.npm/package
verbose rm'ed /home/ghilly/.npm/node-parse-api/0.1.0/package
verbose renamed [ '/home/ghilly/.npm/node-parse-api/0.1.0/___package.npm/package',
verbose renamed   '/home/ghilly/.npm/node-parse-api/0.1.0/package' ]
verbose caching /home/ghilly/.npm/node-parse-api/0.1.0/package/package.json
verbose loadDefaults node-parse-api@0.1.0
silly updated sha bytes 2994
info shasum 6d9fee3bc4cf199ab732ae29e0d414e16f91f103
info shasum /home/ghilly/.npm/node-parse-api/0.1.0/package.tgz
verbose from cache /home/ghilly/.npm/node-parse-api/0.1.0/package/package.json
verbose chmod /home/ghilly/.npm/node-parse-api/0.1.0/package.tgz 644
verbose chown [ '/home/ghilly/.npm/node-parse-api/0.1.0/package.tgz',
verbose chown   1000,
verbose chown   1000 ]
silly publish { name: 'node-parse-api',
silly publish   description: 'API for accessing Parse.com applications',
silly publish   version: '0.1.0',
silly publish   author: { name: 'Chris Johnson', email: 'tenorviol@yahoo.com' },
silly publish   repository: 
silly publish    { type: 'git',
silly publish      url: 'git://github.com/leveton/node-parse-api.git' },
silly publish   main: 'index',
silly publish   engines: { node: '>= 0.4.0' },
silly publish   _npmUser: { name: 'leveton', email: 'mleveton@prepcloud.com' },
silly publish   _id: 'node-parse-api@0.1.0',
silly publish   dependencies: {},
silly publish   devDependencies: {},
silly publish   optionalDependencies: {},
silly publish   _engineSupported: true,
silly publish   _npmVersion: '1.1.0-3',
silly publish   _nodeVersion: 'v0.6.9',
silly publish   _defaultsLoaded: true,
silly publish   dist: 
silly publish    { shasum: '6d9fee3bc4cf199ab732ae29e0d414e16f91f103',
silly publish      tarball: 'http://registry.npmjs.org/node-parse-api/-/node-parse-api-0.1.0.tgz' } }
verbose raw, before any munging node-parse-api
verbose url resolving [ 'https://registry.npmjs.org/', './node-parse-api' ]
verbose url resolved https://registry.npmjs.org/node-parse-api
http PUT https://registry.npmjs.org/node-parse-api
http 409 https://registry.npmjs.org/node-parse-api
verbose raw, before any munging node-parse-api
verbose url resolving [ 'https://registry.npmjs.org/', './node-parse-api' ]
verbose url resolved https://registry.npmjs.org/node-parse-api
http GET https://registry.npmjs.org/node-parse-api
http 200 https://registry.npmjs.org/node-parse-api
info Already published node-parse-api@0.1.0
verbose uploading bin dists []
ERR! publish fail Cannot publish over existing version.
ERR! publish fail Bump the 'version' field, set the --force flag, or
ERR! publish fail     npm unpublish 'node-parse-api@0.1.0'
ERR! publish fail and try again
ERR! 
ERR! System Linux 2.6.38-15-generic
ERR! command "node" "/home/ghilly/.nvm/v0.6.9/bin/npm" "publish"
ERR! cwd /home/ghilly/Documents/node/node-parse-api
ERR! node -v v0.6.9
ERR! npm -v 1.1.0-3
ERR! code EPUBLISHCONFLICT
ERR! message publish fail
ERR! errno {}
verbose exit [ 1, true ]
